DEBUG(2018-08-07 10:23:24,938):worker.py at 89:initializing worker
DEBUG(2018-08-07 10:23:24,938):db_interface.py at 45:initializing database-interface
DEBUG(2018-08-07 10:23:24,938):db_interface.py at 66:connecting to database with user config
DEBUG(2018-08-07 10:23:24,946):db_interface.py at 48:initialized database-interface
DEBUG(2018-08-07 10:23:24,946):classifier.py at 82:initializing classifier
DEBUG(2018-08-07 10:23:24,946):classifier.py at 86:loading classifier
DEBUG(2018-08-07 10:23:30,597):probability.py at 91:initializing probability object
DEBUG(2018-08-07 10:23:30,597):probability.py at 93:loading the variables
DEBUG(2018-08-07 10:23:30,597):probability.py at 95:initialized probability object
DEBUG(2018-08-07 10:23:30,598):classifier.py at 97:initialized classifier
DEBUG(2018-08-07 10:23:30,598):classifier.py at 82:initializing classifier
DEBUG(2018-08-07 10:23:30,598):classifier.py at 86:loading classifier
DEBUG(2018-08-07 10:23:30,636):probability.py at 91:initializing probability object
DEBUG(2018-08-07 10:23:30,636):probability.py at 93:loading the variables
DEBUG(2018-08-07 10:23:30,637):probability.py at 95:initialized probability object
DEBUG(2018-08-07 10:23:30,637):classifier.py at 97:initialized classifier
DEBUG(2018-08-07 10:23:30,637):classifier.py at 82:initializing classifier
DEBUG(2018-08-07 10:23:30,637):classifier.py at 86:loading classifier
DEBUG(2018-08-07 10:23:34,438):probability.py at 91:initializing probability object
DEBUG(2018-08-07 10:23:34,438):probability.py at 93:loading the variables
DEBUG(2018-08-07 10:23:34,439):probability.py at 95:initialized probability object
DEBUG(2018-08-07 10:23:34,439):classifier.py at 97:initialized classifier
DEBUG(2018-08-07 10:23:35,675):worker.py at 110:initialized worker
DEBUG(2018-08-07 10:23:35,675):worker.py at 581:started schedule with -1 tries, 3600 delay and 4 checks per day
DEBUG(2018-08-07 10:23:35,676):worker.py at 432:get job from database and process
DEBUG(2018-08-07 10:23:35,676):db_interface.py at 80:selecting NOT thread-safe one job from database
DEBUG(2018-08-07 10:23:35,773):worker.py at 463:found no job
