DEBUG(2018-04-20 13:22:55,288):worker.py at 89:initializing worker
DEBUG(2018-04-20 13:22:55,288):db_interface.py at 45:initializing database-interface
DEBUG(2018-04-20 13:22:55,288):db_interface.py at 66:connecting to database with user config
DEBUG(2018-04-20 13:22:55,291):db_interface.py at 48:initialized database-interface
DEBUG(2018-04-20 13:22:55,291):classifier.py at 82:initializing classifier
DEBUG(2018-04-20 13:22:55,291):classifier.py at 86:loading classifier
DEBUG(2018-04-20 13:23:00,835):probability.py at 91:initializing probability object
DEBUG(2018-04-20 13:23:00,835):probability.py at 93:loading the variables
DEBUG(2018-04-20 13:23:00,835):probability.py at 95:initialized probability object
DEBUG(2018-04-20 13:23:00,835):classifier.py at 97:initialized classifier
DEBUG(2018-04-20 13:23:00,835):classifier.py at 82:initializing classifier
DEBUG(2018-04-20 13:23:00,835):classifier.py at 86:loading classifier
DEBUG(2018-04-20 13:23:00,872):probability.py at 91:initializing probability object
DEBUG(2018-04-20 13:23:00,872):probability.py at 93:loading the variables
DEBUG(2018-04-20 13:23:00,872):probability.py at 95:initialized probability object
DEBUG(2018-04-20 13:23:00,872):classifier.py at 97:initialized classifier
DEBUG(2018-04-20 13:23:00,872):classifier.py at 82:initializing classifier
DEBUG(2018-04-20 13:23:00,872):classifier.py at 86:loading classifier
DEBUG(2018-04-20 13:23:04,584):probability.py at 91:initializing probability object
DEBUG(2018-04-20 13:23:04,584):probability.py at 93:loading the variables
DEBUG(2018-04-20 13:23:04,584):probability.py at 95:initialized probability object
DEBUG(2018-04-20 13:23:04,584):classifier.py at 97:initialized classifier
