DEBUG(2018-04-20 13:18:35,626):worker.py at 89:initializing worker
DEBUG(2018-04-20 13:18:35,626):db_interface.py at 45:initializing database-interface
DEBUG(2018-04-20 13:18:35,626):db_interface.py at 66:connecting to database with user config
DEBUG(2018-04-20 13:18:35,630):db_interface.py at 48:initialized database-interface
DEBUG(2018-04-20 13:18:35,630):classifier.py at 82:initializing classifier
DEBUG(2018-04-20 13:18:35,630):classifier.py at 86:loading classifier
DEBUG(2018-04-20 13:18:41,179):probability.py at 91:initializing probability object
DEBUG(2018-04-20 13:18:41,179):probability.py at 93:loading the variables
DEBUG(2018-04-20 13:18:41,179):probability.py at 95:initialized probability object
DEBUG(2018-04-20 13:18:41,179):classifier.py at 97:initialized classifier
DEBUG(2018-04-20 13:18:41,179):classifier.py at 82:initializing classifier
DEBUG(2018-04-20 13:18:41,179):classifier.py at 86:loading classifier
DEBUG(2018-04-20 13:18:41,216):probability.py at 91:initializing probability object
DEBUG(2018-04-20 13:18:41,216):probability.py at 93:loading the variables
DEBUG(2018-04-20 13:18:41,216):probability.py at 95:initialized probability object
DEBUG(2018-04-20 13:18:41,216):classifier.py at 97:initialized classifier
DEBUG(2018-04-20 13:18:41,216):classifier.py at 82:initializing classifier
DEBUG(2018-04-20 13:18:41,216):classifier.py at 86:loading classifier
DEBUG(2018-04-20 13:18:44,931):probability.py at 91:initializing probability object
DEBUG(2018-04-20 13:18:44,931):probability.py at 93:loading the variables
DEBUG(2018-04-20 13:18:44,931):probability.py at 95:initialized probability object
DEBUG(2018-04-20 13:18:44,931):classifier.py at 97:initialized classifier
