DEBUG(2018-04-20 13:19:13,272):worker.py at 89:initializing worker
DEBUG(2018-04-20 13:19:13,272):db_interface.py at 45:initializing database-interface
DEBUG(2018-04-20 13:19:13,272):db_interface.py at 66:connecting to database with user config
DEBUG(2018-04-20 13:19:13,277):db_interface.py at 48:initialized database-interface
DEBUG(2018-04-20 13:19:13,278):classifier.py at 82:initializing classifier
DEBUG(2018-04-20 13:19:13,278):classifier.py at 86:loading classifier
DEBUG(2018-04-20 13:19:18,826):probability.py at 91:initializing probability object
DEBUG(2018-04-20 13:19:18,826):probability.py at 93:loading the variables
DEBUG(2018-04-20 13:19:18,827):probability.py at 95:initialized probability object
DEBUG(2018-04-20 13:19:18,827):classifier.py at 97:initialized classifier
DEBUG(2018-04-20 13:19:18,827):classifier.py at 82:initializing classifier
DEBUG(2018-04-20 13:19:18,827):classifier.py at 86:loading classifier
DEBUG(2018-04-20 13:19:18,865):probability.py at 91:initializing probability object
DEBUG(2018-04-20 13:19:18,865):probability.py at 93:loading the variables
DEBUG(2018-04-20 13:19:18,865):probability.py at 95:initialized probability object
DEBUG(2018-04-20 13:19:18,865):classifier.py at 97:initialized classifier
DEBUG(2018-04-20 13:19:18,865):classifier.py at 82:initializing classifier
DEBUG(2018-04-20 13:19:18,865):classifier.py at 86:loading classifier
DEBUG(2018-04-20 13:19:22,603):probability.py at 91:initializing probability object
DEBUG(2018-04-20 13:19:22,603):probability.py at 93:loading the variables
DEBUG(2018-04-20 13:19:22,603):probability.py at 95:initialized probability object
DEBUG(2018-04-20 13:19:22,603):classifier.py at 97:initialized classifier
