/home/dorle/software/local/lib/python2.7/site-packages/sklearn/cross_validation.py:44: DeprecationWarning: This module was deprecated in version 0.18 in favor of the model_selection module into which all the refactored classes and functions are moved. Also note that the interface of the new CV iterators are different from that of this module. This module will be removed in 0.20.
  "This module will be removed in 0.20.", DeprecationWarning)
/home/dorle/software/local/lib/python2.7/site-packages/sklearn/cross_validation.py:44: DeprecationWarning: This module was deprecated in version 0.18 in favor of the model_selection module into which all the refactored classes and functions are moved. Also note that the interface of the new CV iterators are different from that of this module. This module will be removed in 0.20.
  "This module will be removed in 0.20.", DeprecationWarning)
Traceback (most recent call last):
  File "backend.py", line 3, in <module>
    import worker
  File "/home/dorle/software/backend/worker.py", line 5, in <module>
    import classifier
  File "/home/dorle/software/backend/classifier.py", line 1, in <module>
    from sklearn.datasets import load_files
ImportError: No module named sklearn.datasets
Traceback (most recent call last):
  File "backend.py", line 3, in <module>
    import worker
  File "/home/dorle/software/backend/worker.py", line 5, in <module>
    import classifier
  File "/home/dorle/software/backend/classifier.py", line 1, in <module>
    from sklearn.datasets import load_files
ImportError: No module named sklearn.datasets
/home/dorle/software/local/lib/python2.7/site-packages/sklearn/cross_validation.py:44: DeprecationWarning: This module was deprecated in version 0.18 in favor of the model_selection module into which all the refactored classes and functions are moved. Also note that the interface of the new CV iterators are different from that of this module. This module will be removed in 0.20.
  "This module will be removed in 0.20.", DeprecationWarning)
/home/dorle/software/local/lib/python2.7/site-packages/sklearn/cross_validation.py:44: DeprecationWarning: This module was deprecated in version 0.18 in favor of the model_selection module into which all the refactored classes and functions are moved. Also note that the interface of the new CV iterators are different from that of this module. This module will be removed in 0.20.
  "This module will be removed in 0.20.", DeprecationWarning)
processing job 74
processing job 75
processing job 76
processing job 77
processing job 78
processing job 79
processing job 80
processing job 81
processing job 82
processing job 83
processing job 84
processing job 85
processing job 86
processing job 87
processing job 88
processing job 89
processing job 90
processing job 91
processing job 92
processing job 93
processing job 94
processing job 95
processing job 96
processing job 97
processing job 98
processing job 99
processing job 100
processing job 101
processing job 102
processing job 103
processing job 104
processing job 105
processing job 106
processing job 107
processing job 108
processing job 109
processing job 110
processing job 111
processing job 112
processing job 113
processing job 114
processing job 115
processing job 116
processing job 117
processing job 118
processing job 119
processing job 120
processing job 121
processing job 122
processing job 123
processing job 124
processing job 125
processing job 126
processing job 127
processing job 128
processing job 129
processing job 130
processing job 131
processing job 132
processing job 133
processing job 134
processing job 135
processing job 136
processing job 137
processing job 138
processing job 139
processing job 140
processing job 141
processing job 142
processing job 143
processing job 144
processing job 145
processing job 146
processing job 147
processing job 148
processing job 149
processing job 150
processing job 151
processing job 152
processing job 153
processing job 154
processing job 155
processing job 156
processing job 157
processing job 158
processing job 159
processing job 160
processing job 161
processing job 162
processing job 163
processing job 164
processing job 165
processing job 166
processing job 167
processing job 168
processing job 169
processing job 170
processing job 171
processing job 172
processing job 173
processing job 174
processing job 175
processing job 176
processing job 177
processing job 178
processing job 179
processing job 180
processing job 181
processing job 182
processing job 183
processing job 184
processing job 185
processing job 186
processing job 187
processing job 188
processing job 189
processing job 190
processing job 191
processing job 192
processing job 193
processing job 194
processing job 195
processing job 196
processing job 197
processing job 198
processing job 199
processing job 200
processing job 201
processing job 202
processing job 203
processing job 204
processing job 205
processing job 206
processing job 207
processing job 208
processing job 209
processing job 210
processing job 211
processing job 212
processing job 213
processing job 214
processing job 215
processing job 216
processing job 217
processing job 218
processing job 219
processing job 220
processing job 221
processing job 222
processing job 223
processing job 224
processing job 225
processing job 226
processing job 227
processing job 228
processing job 229
processing job 230
processing job 231
processing job 232
processing job 233
processing job 234
processing job 235
processing job 236
processing job 237
processing job 238
processing job 239
processing job 240
processing job 241
processing job 242
processing job 243
processing job 244
processing job 245
processing job 246
processing job 247
processing job 248
processing job 249
processing job 250
processing job 251
processing job 252
processing job 253
processing job 254
processing job 255
processing job 256
processing job 257
processing job 258
processing job 259
processing job 260
processing job 261
processing job 262
processing job 263
processing job 264
processing job 265
processing job 266
processing job 267
processing job 268
processing job 269
processing job 270
processing job 271
processing job 272
processing job 273
processing job 274
processing job 275
processing job 276
processing job 277
processing job 278
processing job 279
processing job 280
processing job 281
processing job 282
processing job 283
processing job 284
processing job 285
processing job 286
processing job 287
processing job 288
processing job 289
processing job 290
processing job 291
processing job 292
processing job 293
processing job 294
processing job 295
processing job 296
processing job 297
processing job 298
processing job 299
processing job 300
processing job 301
processing job 302
processing job 303
processing job 304
processing job 305
processing job 306
processing job 307
processing job 308
processing job 309
processing job 310
processing job 311
processing job 312
processing job 313
processing job 314
processing job 315
processing job 316
processing job 317
processing job 318
processing job 319
processing job 320
processing job 321
processing job 322
processing job 323
processing job 324
processing job 325
processing job 326
processing job 327
processing job 328
processing job 329
processing job 330
processing job 331
processing job 332
processing job 333
processing job 334
processing job 335
processing job 336
processing job 337
processing job 338
processing job 339
processing job 340
processing job 341
processing job 342
processing job 343
processing job 344
processing job 345
processing job 346
processing job 347
processing job 348
processing job 349
processing job 350
processing job 351
processing job 352
processing job 353
processing job 354
processing job 355
processing job 356
processing job 357
processing job 358
processing job 359
processing job 360
processing job 361
processing job 362
processing job 363
processing job 364
processing job 365
processing job 366
processing job 367
processing job 368
processing job 369
processing job 370
processing job 371
processing job 372
processing job 373
processing job 374
processing job 375
processing job 376
processing job 377
processing job 378
processing job 379
processing job 380
processing job 381
processing job 382
processing job 383
processing job 384
processing job 385
processing job 386
processing job 387
processing job 388
processing job 389
processing job 390
processing job 391
processing job 392
processing job 393
processing job 394
processing job 395
processing job 396
processing job 397
processing job 398
processing job 399
processing job 400
processing job 401
processing job 402
processing job 403
processing job 404
processing job 405
processing job 406
processing job 407
processing job 408
processing job 409
processing job 410
processing job 411
processing job 412
processing job 413
processing job 414
processing job 415
processing job 416
processing job 417
processing job 418
processing job 419
processing job 420
processing job 421
processing job 422
processing job 423
processing job 424
processing job 425
processing job 426
processing job 427
processing job 428
processing job 429
processing job 430
processing job 431
processing job 432
processing job 433
processing job 434
processing job 435
processing job 436
processing job 437
processing job 438
processing job 439
processing job 440
processing job 441
processing job 442
processing job 443
processing job 444
processing job 445
processing job 446
processing job 447
processing job 448
processing job 449
processing job 450
processing job 451
processing job 452
processing job 453
processing job 454
processing job 455
processing job 456
processing job 457
processing job 458
processing job 459
processing job 460
processing job 461
processing job 462
processing job 463
processing job 464
processing job 465
processing job 466
processing job 467
processing job 468
processing job 469
processing job 470
processing job 471
processing job 472
processing job 473
processing job 474
processing job 475
processing job 476
processing job 477
processing job 478
processing job 479
processing job 480
processing job 481
processing job 482
processing job 483
processing job 484
processing job 485
processing job 486
processing job 487
processing job 488
processing job 489
processing job 490
processing job 491
processing job 492
processing job 493
processing job 494
processing job 495
processing job 496
processing job 497
processing job 498
processing job 499
processing job 500
processing job 501
processing job 502
processing job 503
processing job 504
processing job 505
processing job 506
processing job 507
processing job 508
processing job 509
processing job 510
processing job 511
processing job 512
processing job 513
processing job 514
processing job 515
processing job 516
processing job 517
processing job 518
processing job 519
processing job 520
processing job 521
processing job 522
processing job 523
processing job 524
processing job 525
processing job 526
processing job 527
processing job 528
processing job 529
processing job 530
processing job 531
processing job 532
processing job 533
processing job 534
processing job 535
processing job 536
processing job 537
processing job 538
processing job 539
processing job 540
processing job 541
processing job 542
processing job 543
processing job 544
processing job 545
processing job 546
processing job 547
processing job 548
processing job 549
processing job 550
processing job 551
processing job 552
processing job 553
processing job 554
processing job 555
processing job 556
processing job 557
processing job 558
processing job 559
processing job 560
processing job 561
processing job 562
processing job 563
processing job 564
processing job 565
processing job 566
processing job 567
processing job 568
processing job 569
processing job 570
processing job 571
processing job 572
processing job 573
processing job 574
processing job 575
processing job 576
processing job 577
processing job 578
processing job 579
processing job 580
processing job 581
processing job 582
processing job 583
processing job 584
processing job 585
processing job 586
processing job 587
processing job 588
processing job 589
processing job 590
processing job 591
processing job 592
processing job 593
processing job 594
processing job 595
processing job 596
processing job 597
processing job 598
processing job 599
processing job 600
processing job 601
processing job 602
processing job 603
processing job 604
processing job 605
processing job 606
processing job 607
processing job 608
processing job 609
processing job 610
processing job 611
processing job 612
processing job 613
processing job 614
processing job 615
processing job 616
processing job 617
processing job 618
processing job 619
processing job 620
processing job 621
processing job 622
processing job 623
processing job 624
processing job 625
processing job 626
processing job 627
processing job 628
processing job 629
processing job 630
processing job 631
processing job 632
processing job 633
processing job 634
processing job 635
processing job 636
processing job 637
processing job 638
processing job 639
processing job 640
processing job 641
processing job 642
processing job 643
processing job 644
processing job 645
processing job 646
processing job 647
processing job 648
processing job 649
processing job 650
processing job 651
processing job 652
processing job 653
processing job 654
processing job 655
processing job 656
processing job 657
processing job 658
processing job 659
processing job 660
processing job 661
processing job 662
processing job 663
processing job 664
processing job 665
processing job 666
processing job 667
processing job 668
processing job 669
processing job 670
processing job 671
processing job 672
processing job 673
processing job 674
processing job 675
processing job 676
processing job 677
processing job 678
processing job 679
processing job 680
processing job 681
processing job 682
processing job 683
processing job 684
processing job 685
processing job 686
processing job 687
processing job 688
processing job 689
processing job 690
processing job 691
processing job 692
processing job 693
processing job 694
processing job 695
processing job 696
processing job 697
processing job 698
processing job 699
processing job 700
processing job 701
processing job 702
processing job 703
processing job 704
processing job 705
processing job 706
processing job 707
processing job 708
processing job 709
processing job 710
processing job 711
processing job 712
processing job 713
processing job 714
processing job 715
processing job 716
processing job 717
processing job 718
processing job 719
processing job 720
processing job 721
processing job 722
processing job 723
processing job 724
processing job 725
processing job 726
processing job 727
processing job 728
processing job 729
processing job 730
processing job 731
processing job 732
processing job 733
processing job 734
processing job 735
processing job 736
processing job 737
processing job 738
processing job 739
processing job 740
processing job 741
processing job 742
processing job 743
processing job 744
processing job 745
processing job 746
processing job 747
processing job 748
processing job 749
processing job 750
processing job 751
processing job 752
processing job 753
processing job 754
processing job 755
processing job 756
processing job 757
processing job 758
processing job 759
processing job 760
processing job 761
processing job 762
processing job 763
processing job 764
processing job 765
processing job 766
processing job 767
processing job 768
processing job 769
processing job 770
processing job 771
processing job 772
processing job 773
processing job 774
processing job 775
processing job 776
processing job 777
processing job 778
processing job 779
processing job 780
processing job 781
processing job 782
processing job 783
processing job 784
processing job 785
processing job 786
processing job 787
processing job 788
processing job 789
processing job 790
processing job 791
processing job 792
processing job 793
processing job 794
processing job 795
processing job 796
processing job 797
processing job 798
processing job 799
processing job 800
processing job 801
processing job 802
processing job 803
processing job 804
processing job 805
processing job 806
processing job 807
processing job 808
processing job 809
processing job 810
processing job 811
processing job 812
processing job 813
processing job 814
processing job 815
processing job 816
processing job 817
processing job 818
processing job 819
processing job 820
processing job 821
processing job 822
processing job 823
processing job 824
processing job 825
processing job 826
processing job 827
processing job 828
processing job 829
processing job 830
processing job 831
processing job 832
processing job 833
processing job 834
processing job 835
processing job 836
processing job 837
processing job 838
processing job 839
processing job 840
processing job 841
processing job 842
processing job 843
processing job 844
processing job 845
processing job 846
processing job 847
processing job 848
processing job 849
processing job 850
processing job 851
processing job 852
processing job 853
processing job 854
processing job 855
processing job 856
processing job 857
processing job 858
processing job 859
processing job 860
processing job 861
processing job 862
processing job 863
processing job 864
processing job 865
processing job 866
processing job 867
processing job 868
processing job 869
processing job 870
processing job 871
processing job 872
processing job 873
processing job 874
processing job 875
processing job 876
processing job 877
processing job 878
processing job 879
processing job 880
processing job 881
processing job 882
processing job 883
processing job 884
processing job 885
processing job 886
processing job 887
processing job 888
processing job 889
processing job 890
processing job 891
processing job 892
processing job 893
processing job 894
processing job 895
processing job 896
processing job 897
processing job 898
processing job 899
processing job 900
processing job 901
processing job 902
processing job 903
processing job 904
processing job 905
processing job 906
processing job 907
processing job 908
processing job 909
processing job 910
processing job 911
processing job 912
processing job 913
processing job 914
processing job 915
processing job 916
processing job 917
processing job 918
processing job 919
processing job 920
processing job 921
processing job 922
processing job 923
processing job 924
processing job 925
processing job 926
processing job 927
processing job 928
processing job 929
processing job 930
processing job 931
processing job 932
processing job 933
processing job 934
processing job 935
processing job 936
processing job 937
processing job 938
processing job 939
processing job 940
processing job 941
processing job 942
processing job 943
processing job 944
processing job 945
processing job 946
processing job 947
processing job 948
processing job 949
processing job 950
processing job 951
processing job 952
processing job 953
processing job 954
processing job 955
processing job 956
processing job 957
processing job 958
processing job 959
processing job 960
processing job 961
processing job 962
processing job 963
processing job 964
processing job 965
processing job 966
processing job 967
processing job 968
processing job 969
processing job 970
processing job 971
processing job 972
processing job 973
processing job 974
processing job 975
processing job 976
processing job 977
processing job 978
processing job 979
processing job 980
processing job 981
processing job 982
processing job 983
processing job 984
processing job 985
processing job 986
processing job 987
processing job 988
processing job 989
processing job 990
processing job 991
processing job 992
processing job 993
processing job 994
processing job 995
processing job 996
processing job 997
processing job 998
processing job 999
processing job 1000
processing job 1001
processing job 1002
processing job 1003
processing job 1004
processing job 1005
processing job 1006
processing job 1007
processing job 1008
processing job 1009
processing job 1010
processing job 1011
processing job 1012
processing job 1013
processing job 1014
processing job 1015
processing job 1016
processing job 1017
processing job 1018
processing job 1019
processing job 1020
processing job 1021
processing job 1022
processing job 1023
processing job 1024
processing job 1025
processing job 1026
processing job 1027
processing job 1028
processing job 1029
processing job 1030
processing job 1031
processing job 1032
processing job 1033
processing job 1034
processing job 1035
processing job 1036
processing job 1037
processing job 1038
processing job 1039
processing job 1040
processing job 1041
processing job 1042
processing job 1043
processing job 1044
processing job 1045
processing job 1046
processing job 1047
processing job 1048
processing job 1049
processing job 1050
processing job 1051
processing job 1052
processing job 1053
processing job 1054
processing job 1055
processing job 1056
processing job 1057
processing job 1058
processing job 1059
processing job 1060
processing job 1061
processing job 1062
processing job 1063
processing job 1064
processing job 1065
processing job 1066
processing job 1067
processing job 1068
processing job 1069
processing job 1070
processing job 1071
processing job 1072
processing job 1073
processing job 1074
processing job 1075
processing job 1076
processing job 1077
processing job 1078
processing job 1079
processing job 1080
processing job 1081
processing job 1082
processing job 1083
processing job 1084
processing job 1085
processing job 1086
processing job 1087
processing job 1088
processing job 1089
processing job 1090
processing job 1091
processing job 1092
processing job 1093
processing job 1094
processing job 1095
processing job 1096
processing job 1097
processing job 1098
processing job 1099
processing job 1100
processing job 1101
processing job 1102
processing job 1103
processing job 1104
processing job 1105
processing job 1106
processing job 1107
processing job 1108
processing job 1109
processing job 1110
processing job 1111
processing job 1112
processing job 1113
processing job 1114
processing job 1115
processing job 1116
processing job 1117
processing job 1118
processing job 1119
processing job 1120
processing job 1121
processing job 1122
processing job 1123
processing job 1124
processing job 1125
processing job 1126
processing job 1127
processing job 1128
processing job 1129
processing job 1130
processing job 1131
processing job 1132
processing job 1133
processing job 1134
processing job 1135
processing job 1136
processing job 1137
processing job 1138
processing job 1139
processing job 1140
processing job 1141
processing job 1142
processing job 1143
processing job 1144
processing job 1145
processing job 1146
processing job 1147
processing job 1148
processing job 1149
processing job 1150
processing job 1151
processing job 1152
processing job 1153
processing job 1154
processing job 1155
processing job 1156
processing job 1157
processing job 1158
processing job 1159
processing job 1160
processing job 1161
processing job 1162
processing job 1163
processing job 1164
processing job 1165
processing job 1166
processing job 1167
processing job 1168
processing job 1169
processing job 1170
processing job 1171
processing job 1172
processing job 1173
processing job 1174
processing job 1175
processing job 1176
processing job 1177
processing job 1178
processing job 1179
processing job 1180
processing job 1181
processing job 1182
processing job 1183
processing job 1184
processing job 1185
processing job 1186
processing job 1187
processing job 1188
processing job 1189
processing job 1190
processing job 1191
processing job 1192
processing job 1193
processing job 1194
processing job 1195
processing job 1196
processing job 1197
processing job 1198
processing job 1199
processing job 1200
processing job 1201
processing job 1202
processing job 1203
processing job 1204
processing job 1205
processing job 1206
processing job 1207
processing job 1208
processing job 1209
processing job 1210
processing job 1211
processing job 1212
processing job 1213
processing job 1214
processing job 1215
processing job 1216
processing job 1217
processing job 1218
processing job 1219
processing job 1220
processing job 1221
processing job 1222
processing job 1223
processing job 1224
processing job 1225
processing job 1226
processing job 1227
processing job 1228
processing job 1229
processing job 1230
processing job 1231
processing job 1232
processing job 1233
processing job 1234
processing job 1235
processing job 1236
processing job 1237
processing job 1238
processing job 1239
processing job 1240
processing job 1241
processing job 1242
processing job 1243
processing job 1244
processing job 1245
processing job 1246
processing job 1247
processing job 1248
processing job 1249
processing job 1250
processing job 1251
processing job 1252
processing job 1253
processing job 1254
processing job 1255
processing job 1256
processing job 1257
processing job 1258
processing job 1259
processing job 1260
processing job 1261
processing job 1262
processing job 1263
processing job 1264
processing job 1265
processing job 1266
processing job 1267
processing job 1268
processing job 1269
processing job 1270
processing job 1271
processing job 1272
processing job 1273
processing job 1274
processing job 1275
processing job 1276
processing job 1277
processing job 1278
processing job 1279
processing job 1280
processing job 1281
processing job 1282
processing job 1283
processing job 1284
processing job 1285
processing job 1286
processing job 1287
processing job 1288
processing job 1289
processing job 1290
processing job 1291
processing job 1292
processing job 1293
processing job 1294
processing job 1295
processing job 1296
processing job 1297
processing job 1298
processing job 1299
processing job 1300
processing job 1301
processing job 1302
processing job 1303
processing job 1304
processing job 1305
processing job 1306
processing job 1307
processing job 1308
processing job 1309
processing job 1310
processing job 1311
processing job 1312
processing job 1313
processing job 1314
processing job 1315
processing job 1316
processing job 1317
processing job 1318
processing job 1319
processing job 1320
processing job 1321
processing job 1322
processing job 1323
processing job 1324
processing job 1325
processing job 1326
processing job 1327
processing job 1328
processing job 1329
processing job 1330
processing job 1331
processing job 1332
processing job 1333
processing job 1334
processing job 1335
processing job 1336
processing job 1337
processing job 1338
processing job 1339
processing job 1340
processing job 1341
processing job 1342
processing job 1343
processing job 1344
processing job 1345
processing job 1346
processing job 1347
processing job 1348
processing job 1349
processing job 1350
processing job 1351
processing job 1352
processing job 1353
processing job 1354
processing job 1355
processing job 1356
processing job 1357
processing job 1358
processing job 1359
processing job 1360
processing job 1361
processing job 1362
processing job 1363
processing job 1364
processing job 1365
processing job 1366
processing job 1367
processing job 1368
processing job 1369
processing job 1370
processing job 1371
processing job 1372
processing job 1373
processing job 1374
processing job 1375
processing job 1376
processing job 1377
processing job 1378
processing job 1379
processing job 1380
processing job 1381
processing job 1382
processing job 1383
processing job 1384
processing job 1385
processing job 1386
processing job 1387
processing job 1388
processing job 1389
processing job 1390
processing job 1391
processing job 1392
processing job 1393
processing job 1394
processing job 1395
processing job 1396
processing job 1397
processing job 1398
processing job 1399
processing job 1400
processing job 1401
processing job 1402
processing job 1403
processing job 1404
processing job 1405
processing job 1406
processing job 1407
processing job 1408
processing job 1409
processing job 1410
processing job 1411
processing job 1412
processing job 1413
processing job 1414
processing job 1415
processing job 1416
processing job 1417
processing job 1418
processing job 1419
processing job 1420
processing job 1421
processing job 1422
processing job 1423
processing job 1424
processing job 1425
processing job 1426
processing job 1427
processing job 1428
processing job 1429
processing job 1430
processing job 1431
processing job 1432
processing job 1433
processing job 1434
processing job 1435
processing job 1436
processing job 1437
processing job 1438
processing job 1439
processing job 1440
processing job 1441
processing job 1442
processing job 1443
processing job 1444
processing job 1445
processing job 1446
processing job 1447
processing job 1448
processing job 1449
processing job 1450
processing job 1451
processing job 1452
processing job 1453
processing job 1454
processing job 1455
processing job 1456
processing job 1457
processing job 1458
processing job 1459
processing job 1460
processing job 1461
processing job 1462
processing job 1463
processing job 1464
processing job 1465
processing job 1466
processing job 1467
processing job 1468
processing job 1469
processing job 1470
processing job 1471
processing job 1472
processing job 1473
processing job 1474
processing job 1475
processing job 1476
processing job 1477
processing job 1478
processing job 1479
processing job 1480
processing job 1481
processing job 1482
processing job 1483
processing job 1484
processing job 1485
processing job 1486
processing job 1487
processing job 1488
processing job 1489
processing job 1490
processing job 1491
processing job 1492
processing job 1493
processing job 1494
processing job 1495
processing job 1496
processing job 1497
processing job 1498
processing job 1499
processing job 1500
processing job 1501
processing job 1502
processing job 1503
processing job 1504
processing job 1505
processing job 1506
processing job 1507
processing job 1508
processing job 1509
processing job 1510
processing job 1511
processing job 1512
processing job 1513
processing job 1514
processing job 1515
processing job 1516
processing job 1517
processing job 1518
processing job 1519
processing job 1520
processing job 1521
processing job 1522
processing job 1523
processing job 1524
processing job 1525
processing job 1526
processing job 1527
processing job 1528
processing job 1529
processing job 1530
processing job 1531
processing job 1532
processing job 1533
processing job 1534
processing job 1535
processing job 1536
processing job 1537
processing job 1538
processing job 1539
processing job 1540
processing job 1541
processing job 1542
processing job 1543
processing job 1544
processing job 1545
processing job 1546
processing job 1547
processing job 1548
processing job 1549
processing job 1550
processing job 1551
processing job 1552
processing job 1553
processing job 1554
processing job 1555
processing job 1556
processing job 1557
processing job 1558
processing job 1559
processing job 1560
processing job 1561
processing job 1562
processing job 1563
processing job 1564
processing job 1565
processing job 1566
processing job 1567
processing job 1568
processing job 1569
processing job 1570
processing job 1571
processing job 1572
processing job 1573
processing job 1574
processing job 1575
processing job 1576
processing job 1577
processing job 1578
processing job 1579
processing job 1580
processing job 1581
processing job 1582
processing job 1583
processing job 1584
processing job 1585
processing job 1586
processing job 1587
processing job 1588
processing job 1589
processing job 1590
processing job 1591
processing job 1592
processing job 1593
processing job 1594
processing job 1595
processing job 1596
processing job 1597
processing job 1598
processing job 1599
processing job 1600
processing job 1601
processing job 1602
processing job 1603
processing job 1604
processing job 1605
processing job 1606
processing job 1607
processing job 1608
processing job 1609
processing job 1610
processing job 1611
processing job 1612
processing job 1613
processing job 1614
processing job 1615
processing job 1616
processing job 1617
processing job 1618
processing job 1619
processing job 1620
processing job 1621
processing job 1622
processing job 1623
processing job 1624
processing job 1625
processing job 1626
processing job 1627
processing job 1628
processing job 1629
processing job 1630
processing job 1631
processing job 1632
processing job 1633
processing job 1634
processing job 1635
processing job 1636
processing job 1637
processing job 1638
processing job 1639
processing job 1640
processing job 1641
processing job 1642
processing job 1643
processing job 1644
processing job 1645
processing job 1646
processing job 1647
processing job 1648
processing job 1649
processing job 1650
processing job 1651
processing job 1652
processing job 1653
processing job 1654
processing job 1655
processing job 1656
processing job 1657
processing job 1658
processing job 1659
processing job 1660
processing job 1661
processing job 1662
processing job 1663
processing job 1664
processing job 1665
processing job 1666
processing job 1667
processing job 1668
processing job 1669
processing job 1670
processing job 1671
processing job 1672
processing job 1673
processing job 1674
processing job 1675
processing job 1676
processing job 1677
processing job 1678
processing job 1679
processing job 1680
processing job 1681
processing job 1682
processing job 1683
processing job 1684
processing job 1685
processing job 1686
processing job 1687
processing job 1688
processing job 1689
processing job 1690
processing job 1691
processing job 1692
processing job 1693
processing job 1694
processing job 1695
processing job 1696
processing job 1697
processing job 1698
processing job 1699
processing job 1700
processing job 1701
processing job 1702
processing job 1703
processing job 1704
processing job 1705
processing job 1706
processing job 1707
processing job 1708
processing job 1709
processing job 1710
processing job 1711
processing job 1712
processing job 1713
processing job 1714
processing job 1715
processing job 1716
processing job 1717
processing job 1718
processing job 1719
processing job 1720
processing job 1721
processing job 1722
processing job 1723
processing job 1724
processing job 1725
processing job 1726
processing job 1727
processing job 1728
processing job 1729
processing job 1730
processing job 1731
processing job 1732
processing job 1733
processing job 1734
processing job 1735
processing job 1736
processing job 1737
processing job 1738
processing job 1739
processing job 1740
processing job 1741
processing job 1742
processing job 1743
processing job 1744
processing job 1745
processing job 1746
processing job 1747
processing job 1748
processing job 1749
processing job 1750
processing job 1751
processing job 1752
processing job 1753
processing job 1754
processing job 1755
processing job 1756
processing job 1757
processing job 1758
processing job 1759
processing job 1760
processing job 1761
processing job 1762
processing job 1763
processing job 1764
processing job 1765
processing job 1766
processing job 1767
processing job 1768
processing job 1769
processing job 1770
processing job 1771
processing job 1772
processing job 1773
processing job 1774
processing job 1775
processing job 1776
processing job 1777
processing job 1778
processing job 1779
processing job 1780
processing job 1781
processing job 1782
processing job 1783
processing job 1784
processing job 1785
processing job 1786
processing job 1787
processing job 1788
processing job 1789
processing job 1790
processing job 1791
processing job 1792
processing job 1793
processing job 1794
processing job 1795
processing job 1796
processing job 1797
processing job 1798
processing job 1799
processing job 1800
processing job 1801
processing job 1802
processing job 1803
processing job 1804
processing job 1805
processing job 1806
processing job 1807
processing job 1808
processing job 1809
processing job 1810
processing job 1811
processing job 1812
processing job 1813
processing job 1814
processing job 1815
processing job 1816
processing job 1817
processing job 1818
processing job 1819
processing job 1820
processing job 1821
processing job 1822
processing job 1823
processing job 1824
processing job 1825
processing job 1826
processing job 1827
processing job 1828
processing job 1829
processing job 1830
processing job 1831
processing job 1832
processing job 1833
processing job 1834
processing job 1835
processing job 1836
processing job 1837
processing job 1838
processing job 1839
processing job 1840
processing job 1841
processing job 1842
processing job 1843
processing job 1844
processing job 1845
processing job 1846
processing job 1847
processing job 1848
processing job 1849
processing job 1850
processing job 1851
processing job 1852
processing job 1853
processing job 1854
processing job 1855
processing job 1856
processing job 1857
processing job 1858
processing job 1859
processing job 1860
processing job 1861
processing job 1862
processing job 1863
processing job 1864
processing job 1865
processing job 1866
processing job 1867
processing job 1868
processing job 1869
processing job 1870
processing job 1871
processing job 1872
processing job 1873
processing job 1874
processing job 1875
processing job 1876
processing job 1877
processing job 1878
processing job 1879
processing job 1880
processing job 1881
processing job 1882
processing job 1883
processing job 1884
processing job 1885
processing job 1886
processing job 1887
processing job 1888
processing job 1889
processing job 1890
processing job 1891
processing job 1892
processing job 1893
processing job 1894
processing job 1895
processing job 1896
processing job 1897
processing job 1898
processing job 1899
processing job 1900
processing job 1901
processing job 1902
processing job 1903
processing job 1904
processing job 1905
processing job 1906
processing job 1907
processing job 1908
processing job 1909
processing job 1910
processing job 1911
processing job 1912
processing job 1913
processing job 1914
processing job 1915
processing job 1916
processing job 1917
processing job 1918
processing job 1919
processing job 1920
processing job 1921
processing job 1922
processing job 1923
processing job 1924
processing job 1925
processing job 1926
processing job 1927
processing job 1928
processing job 1929
processing job 1930
processing job 1931
processing job 1932
processing job 1933
processing job 1934
processing job 1935
processing job 1936
processing job 1937
processing job 1938
processing job 1939
processing job 1940
processing job 1941
processing job 1942
processing job 1943
processing job 1944
processing job 1945
processing job 1946
processing job 1947
processing job 1948
processing job 1949
processing job 1950
processing job 1951
processing job 1952
processing job 1953
processing job 1954
processing job 1955
processing job 1956
processing job 1957
processing job 1958
processing job 1959
processing job 1960
processing job 1961
processing job 1962
processing job 1963
processing job 1964
processing job 1965
processing job 1966
processing job 1967
processing job 1968
processing job 1969
processing job 1970
processing job 1971
processing job 1972
processing job 1973
processing job 1974
processing job 1975
processing job 1976
processing job 1977
processing job 1978
processing job 1979
processing job 1980
processing job 1981
processing job 1982
processing job 1983
processing job 1984
processing job 1985
processing job 1986
processing job 1987
processing job 1988
processing job 1989
processing job 1990
processing job 1991
processing job 1992
processing job 1993
processing job 1994
processing job 1995
processing job 1996
processing job 1997
processing job 1998
processing job 1999
processing job 2000
processing job 2001
processing job 2002
processing job 2003
processing job 2004
processing job 2005
processing job 2006
processing job 2007
processing job 2008
processing job 2009
processing job 2010
processing job 2011
processing job 2012
processing job 2013
processing job 2014
processing job 2015
processing job 2016
processing job 2017
processing job 2018
processing job 2019
processing job 2020
processing job 2021
processing job 2022
processing job 2023
processing job 2024
processing job 2025
processing job 2026
processing job 2027
processing job 2028
processing job 2029
processing job 2030
processing job 2031
processing job 2032
processing job 2033
processing job 2034
processing job 2035
processing job 2036
processing job 2037
processing job 2038
processing job 2039
processing job 2040
processing job 2041
processing job 2042
processing job 2043
processing job 2044
processing job 2045
processing job 2046
processing job 2047
processing job 2048
processing job 2049
processing job 2050
processing job 2051
processing job 2052
processing job 2053
processing job 2054
processing job 2055
processing job 2056
processing job 2057
processing job 2058
processing job 2059
processing job 2060
processing job 2061
processing job 2062
processing job 2063
processing job 2064
processing job 2065
processing job 2066
processing job 2067
processing job 2068
processing job 2069
processing job 2070
processing job 2071
processing job 2072
processing job 2073
processing job 2074
processing job 2075
processing job 2076
processing job 2077
processing job 2078
processing job 2079
processing job 2080
processing job 2081
processing job 2082
processing job 2083
processing job 2084
processing job 2085
processing job 2086
processing job 2087
processing job 2088
processing job 2089
processing job 2090
processing job 2091
processing job 2092
processing job 2093
processing job 2094
processing job 2095
processing job 2096
processing job 2097
processing job 2098
processing job 2099
processing job 2100
processing job 2101
processing job 2102
processing job 2103
processing job 2104
processing job 2105
processing job 2106
processing job 2107
processing job 2108
processing job 2109
processing job 2110
processing job 2111
processing job 2112
processing job 2113
processing job 2114
processing job 2115
processing job 2116
processing job 2117
processing job 2118
processing job 2119
processing job 2120
processing job 2121
processing job 2122
processing job 2123
processing job 2124
processing job 2125
processing job 2126
processing job 2127
processing job 2128
processing job 2129
processing job 2130
processing job 2131
processing job 2132
processing job 2133
processing job 2134
processing job 2135
processing job 2136
processing job 2137
processing job 2138
processing job 2139
processing job 2140
processing job 2141
processing job 2142
processing job 2143
processing job 2144
processing job 2145
processing job 2146
processing job 2147
processing job 2148
processing job 2149
processing job 2150
processing job 2151
processing job 2152
processing job 2153
processing job 2154
processing job 2155
processing job 2156
processing job 2157
processing job 2158
processing job 2159
processing job 2160
processing job 2161
processing job 2162
processing job 2163
processing job 2164
processing job 2165
processing job 2166
processing job 2167
processing job 2168
processing job 2169
processing job 2170
processing job 2171
processing job 2172
processing job 2173
processing job 2174
processing job 2175
processing job 2176
processing job 2177
processing job 2178
processing job 2179
processing job 2180
processing job 2181
processing job 2182
processing job 2183
processing job 2184
processing job 2185
processing job 2186
processing job 2187
processing job 2188
processing job 2189
processing job 2190
processing job 2191
processing job 2192
processing job 2193
processing job 2194
processing job 2195
processing job 2196
processing job 2197
processing job 2198
processing job 2199
processing job 2200
processing job 2201
processing job 2202
processing job 2203
processing job 2204
processing job 2205
processing job 2206
processing job 2207
processing job 2208
processing job 2209
processing job 2210
processing job 2211
processing job 2212
processing job 2213
processing job 2214
processing job 2215
processing job 2216
processing job 2217
processing job 2218
processing job 2219
processing job 2220
processing job 2221
processing job 2222
processing job 2223
processing job 2224
processing job 2225
processing job 2226
processing job 2227
processing job 2228
processing job 2229
processing job 2230
processing job 2231
processing job 2232
processing job 2233
processing job 2234
processing job 2235
processing job 2236
processing job 2237
processing job 2238
processing job 2239
processing job 2240
processing job 2241
processing job 2242
processing job 2243
processing job 2244
processing job 2245
processing job 2246
processing job 2247
processing job 2248
processing job 2249
processing job 2250
processing job 2251
processing job 2252
processing job 2253
processing job 2254
processing job 2255
processing job 2256
processing job 2257
processing job 2258
processing job 2259
processing job 2260
processing job 2261
processing job 2262
processing job 2263
processing job 2264
processing job 2265
processing job 2266
processing job 2267
processing job 2268
processing job 2269
processing job 2270
processing job 2271
processing job 2272
processing job 2273
processing job 2274
processing job 2275
processing job 2276
processing job 2277
processing job 2278
processing job 2279
processing job 2280
processing job 2281
processing job 2282
processing job 2283
processing job 2284
processing job 2285
processing job 2286
processing job 2287
processing job 2288
processing job 2289
processing job 2290
processing job 2291
processing job 2292
processing job 2293
processing job 2294
processing job 2295
processing job 2296
processing job 2297
processing job 2298
processing job 2299
processing job 2300
processing job 2301
processing job 2302
processing job 2303
processing job 2304
processing job 2305
processing job 2306
processing job 2307
processing job 2308
processing job 2309
processing job 2310
processing job 2311
processing job 2312
processing job 2313
processing job 2314
processing job 2315
processing job 2316
processing job 2317
processing job 2318
processing job 2319
processing job 2320
processing job 2321
processing job 2322
processing job 2323
processing job 2324
processing job 2325
processing job 2326
processing job 2327
processing job 2328
processing job 2329
processing job 2330
processing job 2331
processing job 2332
processing job 2333
processing job 2334
processing job 2335
processing job 2336
processing job 2337
processing job 2338
processing job 2339
processing job 2340
processing job 2341
processing job 2342
processing job 2343
processing job 2344
processing job 2345
processing job 2346
processing job 2347
processing job 2348
processing job 2349
processing job 2350
processing job 2351
processing job 2352
processing job 2353
processing job 2354
processing job 2355
processing job 2356
processing job 2357
processing job 2358
processing job 2359
processing job 2360
processing job 2361
processing job 2362
processing job 2363
processing job 2364
processing job 2365
processing job 2366
processing job 2367
processing job 2368
processing job 2369
processing job 2370
processing job 2371
processing job 2372
processing job 2373
processing job 2374
processing job 2375
processing job 2376
processing job 2377
processing job 2378
processing job 2379
processing job 2380
processing job 2381
processing job 2382
processing job 2383
processing job 2384
processing job 2385
processing job 2386
processing job 2387
processing job 2388
processing job 2389
processing job 2390
processing job 2391
processing job 2392
processing job 2393
processing job 2394
processing job 2395
processing job 2396
processing job 2397
processing job 2398
processing job 2399
processing job 2400
processing job 2401
processing job 2402
processing job 2403
processing job 2404
processing job 2405
processing job 2406
processing job 2407
processing job 2408
processing job 2409
processing job 2410
processing job 2411
processing job 2412
processing job 2413
processing job 2414
processing job 2415
processing job 2416
processing job 2417
processing job 2418
processing job 2419
processing job 2420
processing job 2421
processing job 2422
processing job 2423
processing job 2424
processing job 2425
processing job 2426
processing job 2427
processing job 2428
processing job 2429
processing job 2430
processing job 2431
processing job 2432
processing job 2433
processing job 2434
processing job 2435
processing job 2436
processing job 2437
processing job 2438
processing job 2439
processing job 2440
processing job 2441
processing job 2442
processing job 2443
processing job 2444
processing job 2445
processing job 2446
processing job 2447
processing job 2448
processing job 2449
processing job 2450
processing job 2451
processing job 2452
processing job 2453
processing job 2454
processing job 2455
processing job 2456
processing job 2457
processing job 2458
processing job 2459
processing job 2460
processing job 2461
processing job 2462
processing job 2463
processing job 2464
processing job 2465
processing job 2466
processing job 2467
processing job 2468
processing job 2469
processing job 2470
processing job 2471
processing job 2472
processing job 2473
processing job 2474
processing job 2475
processing job 2476
processing job 2477
processing job 2478
processing job 2479
processing job 2480
processing job 2481
processing job 2482
processing job 2483
processing job 2484
processing job 2485
processing job 2486
processing job 2487
processing job 2488
processing job 2489
processing job 2490
processing job 2491
processing job 2492
processing job 2493
processing job 2494
processing job 2495
processing job 2496
processing job 2497
processing job 2498
processing job 2499
processing job 2500
processing job 2501
processing job 2502
processing job 2503
processing job 2504
processing job 2505
processing job 2506
processing job 2507
processing job 2508
processing job 2509
processing job 2510
processing job 2511
processing job 2512
processing job 2513
processing job 2514
processing job 2515
processing job 2516
processing job 2517
processing job 2518
processing job 2519
processing job 2520
processing job 2521
processing job 2522
processing job 2523
processing job 2524
processing job 2525
processing job 2526
processing job 2527
processing job 2528
processing job 2529
processing job 2530
processing job 2531
processing job 2532
processing job 2533
processing job 2534
processing job 2535
processing job 2536
processing job 2537
processing job 2538
processing job 2539
processing job 2540
processing job 2541
processing job 2542
processing job 2543
processing job 2544
processing job 2545
processing job 2546
processing job 2547
processing job 2548
processing job 2549
processing job 2550
processing job 2551
processing job 2552
processing job 2553
processing job 2554
processing job 2555
processing job 2556
processing job 2557
processing job 2558
processing job 2559
processing job 2560
processing job 2561
processing job 2562
processing job 2563
processing job 2564
processing job 2565
processing job 2566
processing job 2567
processing job 2568
processing job 2569
processing job 2570
processing job 2571
processing job 2572
processing job 2573
processing job 2574
processing job 2575
processing job 2576
processing job 2577
processing job 2578
processing job 2579
processing job 2580
processing job 2581
processing job 2582
processing job 2583
processing job 2584
processing job 2585
processing job 2586
processing job 2587
processing job 2588
processing job 2589
processing job 2590
processing job 2591
processing job 2592
processing job 2593
processing job 2594
processing job 2595
processing job 2596
processing job 2597
processing job 2598
processing job 2599
processing job 2600
processing job 2601
processing job 2602
processing job 2603
processing job 2604
processing job 2605
processing job 2606
processing job 2607
processing job 2608
processing job 2609
processing job 2610
processing job 2611
processing job 2612
processing job 2613
processing job 2614
processing job 2615
processing job 2616
processing job 2617
processing job 2618
processing job 2619
processing job 2620
processing job 2621
processing job 2622
processing job 2623
processing job 2624
processing job 2625
processing job 2626
processing job 2627
processing job 2628
processing job 2629
processing job 2630
processing job 2631
processing job 2632
processing job 2633
processing job 2634
processing job 2635
processing job 2636
processing job 2637
processing job 2638
processing job 2639
processing job 2640
processing job 2641
processing job 2642
processing job 2643
processing job 2644
processing job 2645
processing job 2646
processing job 2647
processing job 2648
processing job 2649
processing job 2650
processing job 2651
processing job 2652
processing job 2653
processing job 2654
processing job 2655
processing job 2656
processing job 2657
processing job 2658
processing job 2659
processing job 2660
processing job 2661
processing job 2662
processing job 2663
processing job 2664
processing job 2665
processing job 2666
processing job 2667
processing job 2668
processing job 2669
processing job 2670
processing job 2671
processing job 2672
processing job 2673
processing job 2674
processing job 2675
processing job 2676
processing job 2677
processing job 2678
processing job 2679
processing job 2680
processing job 2681
processing job 2682
processing job 2683
processing job 2684
processing job 2685
processing job 2686
processing job 2687
processing job 2688
processing job 2689
processing job 2690
processing job 2691
processing job 2692
processing job 2693
processing job 2694
processing job 2695
processing job 2696
processing job 2697
processing job 2698
processing job 2699
processing job 2700
processing job 2701
processing job 2702
processing job 2703
processing job 2704
processing job 2705
processing job 2706
processing job 2707
processing job 2708
processing job 2709
processing job 2710
processing job 2711
processing job 2712
processing job 2713
processing job 2714
processing job 2715
processing job 2716
processing job 2717
processing job 2718
processing job 2719
processing job 2720
processing job 2721
processing job 2722
processing job 2723
processing job 2724
processing job 2725
processing job 2726
processing job 2727
processing job 2728
processing job 2729
processing job 2730
processing job 2731
processing job 2732
processing job 2733
processing job 2734
processing job 2735
processing job 2736
processing job 2737
processing job 2738
processing job 2739
processing job 2740
processing job 2741
processing job 2742
processing job 2743
processing job 2744
processing job 2745
processing job 2746
processing job 2747
processing job 2748
processing job 2749
processing job 2750
processing job 2751
processing job 2752
processing job 2753
processing job 2754
processing job 2755
processing job 2756
processing job 2757
processing job 2758
processing job 2759
processing job 2760
processing job 2761
processing job 2762
processing job 2763
processing job 2764
processing job 2765
processing job 2766
processing job 2767
processing job 2768
processing job 2769
processing job 2770
processing job 2771
processing job 2772
processing job 2773
processing job 2774
processing job 2775
processing job 2776
processing job 2777
processing job 2778
processing job 2779
processing job 2780
processing job 2781
processing job 2782
processing job 2783
/home/dorle/software/local/lib/python2.7/site-packages/sklearn/cross_validation.py:44: DeprecationWarning: This module was deprecated in version 0.18 in favor of the model_selection module into which all the refactored classes and functions are moved. Also note that the interface of the new CV iterators are different from that of this module. This module will be removed in 0.20.
  "This module will be removed in 0.20.", DeprecationWarning)
/home/dorle/software/local/lib/python2.7/site-packages/sklearn/cross_validation.py:44: DeprecationWarning: This module was deprecated in version 0.18 in favor of the model_selection module into which all the refactored classes and functions are moved. Also note that the interface of the new CV iterators are different from that of this module. This module will be removed in 0.20.
  "This module will be removed in 0.20.", DeprecationWarning)
/home/dorle/software/local/lib/python2.7/site-packages/sklearn/cross_validation.py:44: DeprecationWarning: This module was deprecated in version 0.18 in favor of the model_selection module into which all the refactored classes and functions are moved. Also note that the interface of the new CV iterators are different from that of this module. This module will be removed in 0.20.
  "This module will be removed in 0.20.", DeprecationWarning)
/home/dorle/software/local/lib/python2.7/site-packages/sklearn/cross_validation.py:44: DeprecationWarning: This module was deprecated in version 0.18 in favor of the model_selection module into which all the refactored classes and functions are moved. Also note that the interface of the new CV iterators are different from that of this module. This module will be removed in 0.20.
  "This module will be removed in 0.20.", DeprecationWarning)
processing job 3131
processing job 3132
processing job 3133
processing job 3134
processing job 3135
processing job 3136
processing job 3137
processing job 3138
processing job 3139
processing job 3140
processing job 3141
processing job 3142
processing job 3143
processing job 3144
processing job 3145
processing job 3146
processing job 3147
processing job 3148
processing job 3149
processing job 3150
processing job 3151
processing job 3152
processing job 3153
processing job 3154
processing job 3155
processing job 3156
processing job 3157
processing job 3158
processing job 3159
processing job 3160
processing job 3161
processing job 3162
processing job 3163
processing job 3164
processing job 3165
processing job 3166
processing job 3167
processing job 3168
processing job 3169
processing job 3170
processing job 3171
processing job 3172
processing job 3173
processing job 3174
processing job 3175
processing job 3176
processing job 3177
processing job 3178
processing job 3179
processing job 3180
processing job 3181
processing job 3182
processing job 3183
processing job 3184
processing job 3185
processing job 3186
processing job 3187
processing job 3188
processing job 3189
processing job 3190
processing job 3191
processing job 3192
processing job 3193
processing job 3194
processing job 3195
processing job 3196
processing job 3197
processing job 3198
processing job 3199
processing job 3200
processing job 3201
processing job 3202
processing job 3203
processing job 3204
processing job 3205
processing job 3206
processing job 3207
processing job 3208
processing job 3209
processing job 3210
processing job 3211
processing job 3212
processing job 3213
processing job 3214
processing job 3215
processing job 3216
processing job 3217
processing job 3218
processing job 3219
processing job 3220
processing job 3221
processing job 3222
processing job 3223
processing job 3224
processing job 3225
processing job 3226
processing job 3227
processing job 3228
processing job 3229
processing job 3230
processing job 3231
processing job 3232
processing job 3233
processing job 3234
processing job 3235
processing job 3236
processing job 3237
processing job 3238
processing job 3239
processing job 3240
processing job 3241
processing job 3242
processing job 3243
processing job 3244
processing job 3245
processing job 3246
processing job 3247
processing job 3248
processing job 3249
processing job 3250
processing job 3251
processing job 3252
processing job 3253
processing job 3254
processing job 3255
processing job 3256
processing job 3257
processing job 3258
processing job 3259
processing job 3260
processing job 3261
processing job 3262
processing job 3263
processing job 3264
processing job 3265
processing job 3266
processing job 3267
processing job 3268
processing job 3269
processing job 3270
processing job 3271
processing job 3272
processing job 3273
processing job 3274
processing job 3275
processing job 3276
processing job 3277
processing job 3278
processing job 3279
processing job 3280
processing job 3281
processing job 3282
processing job 3283
processing job 3284
processing job 3285
processing job 3286
processing job 3287
processing job 3288
processing job 3289
processing job 3290
processing job 3291
processing job 3292
processing job 3293
processing job 3294
processing job 3295
processing job 3296
processing job 3297
processing job 3298
processing job 3299
processing job 3300
processing job 3301
processing job 3302
processing job 3303
processing job 3304
processing job 3305
processing job 3306
processing job 3307
processing job 3308
processing job 3309
processing job 3310
processing job 3311
processing job 3312
processing job 3313
processing job 3314
processing job 3315
processing job 3316
processing job 3317
processing job 3318
processing job 3319
processing job 3320
processing job 3321
processing job 3322
processing job 3323
processing job 3324
processing job 3325
processing job 3326
processing job 3327
processing job 3328
processing job 3329
processing job 3330
processing job 3331
processing job 3332
processing job 3333
processing job 3334
processing job 3335
processing job 3336
processing job 3337
processing job 3338
processing job 3339
processing job 3340
processing job 3341
processing job 3342
processing job 3343
processing job 3344
processing job 3345
processing job 3346
processing job 3347
processing job 3348
processing job 3349
processing job 3350
processing job 3351
processing job 3352
processing job 3353
processing job 3354
processing job 3355
processing job 3356
processing job 3357
processing job 3358
processing job 3359
processing job 3360
processing job 3361
processing job 3362
processing job 3363
processing job 3364
processing job 3365
processing job 3366
processing job 3367
processing job 3368
processing job 3369
processing job 3370
processing job 3371
processing job 3372
processing job 3373
processing job 3374
processing job 3375
processing job 3376
processing job 3377
processing job 3378
processing job 3379
processing job 3380
processing job 3381
processing job 3382
processing job 3383
processing job 3384
processing job 3385
processing job 3386
processing job 3387
processing job 3388
processing job 3389
processing job 3390
processing job 3391
processing job 3392
processing job 3393
processing job 3394
processing job 3395
processing job 3396
processing job 3397
processing job 3398
processing job 3399
processing job 3400
processing job 3401
processing job 3402
processing job 3403
processing job 3404
processing job 3405
processing job 3406
processing job 3407
processing job 3408
processing job 3409
processing job 3410
processing job 3411
processing job 3412
processing job 3413
processing job 3414
processing job 3415
processing job 3416
processing job 3417
processing job 3418
processing job 3419
processing job 3420
processing job 3421
processing job 3422
processing job 3423
processing job 3424
processing job 3425
processing job 3426
processing job 3427
processing job 3428
processing job 3429
processing job 3430
processing job 3431
processing job 3432
processing job 3433
processing job 3434
processing job 3435
processing job 3436
processing job 3437
processing job 3438
processing job 3439
processing job 3440
processing job 3441
processing job 3442
processing job 3443
processing job 3444
processing job 3445
processing job 3446
processing job 3447
processing job 3448
processing job 3449
processing job 3450
processing job 3451
processing job 3452
processing job 3453
processing job 3454
processing job 3455
processing job 3456
processing job 3457
processing job 3458
processing job 3459
processing job 3460
processing job 3461
processing job 3462
processing job 3463
processing job 3464
processing job 3465
processing job 3466
processing job 3467
processing job 3468
processing job 3469
processing job 3470
processing job 3471
processing job 3472
processing job 3473
processing job 3474
processing job 3475
processing job 3476
processing job 3477
processing job 3478
processing job 3479
processing job 3480
processing job 3481
processing job 3482
processing job 3483
processing job 3484
processing job 3485
processing job 3486
processing job 3487
processing job 3488
processing job 3489
processing job 3490
processing job 3491
processing job 3492
processing job 3493
processing job 3494
processing job 3495
processing job 3496
processing job 3497
processing job 3498
processing job 3499
processing job 3500
processing job 3501
processing job 3502
processing job 3503
processing job 3504
processing job 3505
processing job 3506
processing job 3507
processing job 3508
processing job 3509
processing job 3510
processing job 3511
processing job 3512
processing job 3513
processing job 3514
processing job 3515
processing job 3516
processing job 3517
processing job 3518
processing job 3519
processing job 3520
processing job 3521
processing job 3522
processing job 3523
processing job 3524
processing job 3525
processing job 3526
processing job 3527
processing job 3528
processing job 3529
processing job 3530
processing job 3531
processing job 3532
processing job 3533
processing job 3534
processing job 3535
processing job 3536
processing job 3537
processing job 3538
processing job 3539
processing jcan't find the processed job
processing job 3021
processing job 3022
processing job 3023
processing job 3024
processing job 3025
processing job 3026
processing job 3027
processing job 3028
processing job 3029
processing job 3030
processing job 3031
processing job 3032
processing job 3033
processing job 3034
processing job 3035
processing job 3036
processing job 3037
processing job 3038
processing job 3039
processing job 3040
processing job 3041
processing job 3042
processing job 3043
processing job 3044
processing job 3045
processing job 3046
processing job 3047
processing job 3048
processing job 3049
processing job 3050
processing job 3051
processing job 3052
processing job 3053
processing job 3054
processing job 3055
processing job 3056
processing job 3057
processing job 3058
processing job 3059
processing job 3060
processing job 3061
processing job 3062
processing job 3063
processing job 3064
processing job 3065
processing job 3066
processing job 3067
processing job 3068
processing job 3069
processing job 3070
processing job 3071
processing job 3072
processing job 3073
processing job 3074
processing job 3075
processing job 3076
processing job 3077
processing job 3078
processing job 3079
processing job 3080
processing job 3081
processing job 3082
processing job 3083
processing job 3084
processing job 3085
processing job 3086
processing job 3087
processing job 3088
processing job 3089
processing job 3090
processing job 3091
processing job 3092
processing job 3093
processing job 3094
processing job 3095
processing job 3096
processing job 3097
processing job 3098
processing job 3099
processing job 3100
processing job 3101
processing job 3102
processing job 3103
processing job 3104
processing job 3105
processing job 3106
processing job 3107
processing job 3108
processing job 3109
processing job 3110
processing job 3111
processing job 3112
processing job 3113
processing job 3114
processing job 3115
processing job 3116
processing job 3117
processing job 3118
processing job 3119
processing job 3120
processing job 3121
processing job 3122
processing job 3123
processing job 3124
processing job 3125
processing job 3126
processing job 3127
processing job 3128
processing job 3129
processing job 3130
Traceback (most recent call last):
  File "backend.py", line 109, in <module>
    main()
  File "backend.py", line 105, in main
    w.schedule(max_tries = max_tries, delay = delay)
  File "/home/dorle/software/backend/worker.py", line 105, in schedule
    if not self.get_job_and_process():
  File "/home/dorle/software/backend/worker.py", line 85, in get_job_and_process
    self._interface.update_results(row[0], res)
  File "/home/dorle/software/backend/db_interface.py", line 80, in update_results
    row = rows[0]
IndexError: tuple index out of range
ob 3540
processing job 3541
processing job 3542
processing job 3543
processing job 3544
processing job 3545
processing job 3546
processing job 3547
processing job 3548
processing job 3549
processing job 3550
processing job 3551
processing job 3552
processing job 3553
processing job 3554
processing job 3555
processing job 3556
processing job 3557
processing job 3558
processing job 3559
processing job 3560
processing job 3561
processing job 3562
processing job 3563
processing job 3564
processing job 3565
processing job 3566
processing job 3567
processing job 3568
processing job 3569
processing job 3570
processing job 3571
processing job 3572
processing job 3573
processing job 3574
processing job 3575
processing job 3576
processing job 3577
processing job 3578
processing job 3579
processing job 3580
processing job 3581
processing job 3582
processing job 3583
processing job 3584
processing job 3585
processing job 3586
processing job 3587
processing job 3588
processing job 3589
processing job 3590
processing job 3591
processing job 3592
processing job 3593
processing job 3594
processing job 3595
processing job 3596
processing job 3597
processing job 3598
processing job 3599
processing job 3600
processing job 3601
processing job 3602
processing job 3603
processing job 3604
processing job 3605
processing job 3606
processing job 3607
processing job 3608
processing job 3609
processing job 3610
processing job 3611
processing job 3612
processing job 3613
processing job 3614
processing job 3615
processing job 3616
processing job 3617
processing job 3618
processing job 3619
processing job 3620
processing job 3621
processing job 3622
processing job 3623
processing job 3624
processing job 3625
processing job 3626
processing job 3627
processing job 3628
processing job 3629
processing job 3630
processing job 3631
processing job 3632
processing job 3633
processing job 3634
processing job 3635
processing job 3636
processing job 3637
processing job 3638
processing job 3639
processing job 3640
processing job 3641
processing job 3642
processing job 3643
processing job 3644
processing job 3645
processing job 3646
processing job 3647
processing job 3648
processing job 3649
processing job 3650
processing job 3651
processing job 3652
processing job 3653
processing job 3654
processing job 3655
processing job 3656
processing job 3657
processing job 3658
processing job 3659
processing job 3660
processing job 3661
processing job 3662
processing job 3663
processing job 3664
processing job 3665
processing job 3666
processing job 3667
processing job 3668
processing job 3669
processing job 3670
processing job 3671
processing job 3672
processing job 3673
processing job 3674
processing job 3675
processing job 3676
processing job 3677
processing job 3678
processing job 3679
processing job 3680
processing job 3681
processing job 3682
processing job 3683
processing job 3684
processing job 3685
processing job 3686
processing job 3687
processing job 3688
processing job 3689
processing job 3690
processing job 3691
processing job 3692
processing job 3693
processing job 3694
processing job 3695
processing job 3696
processing job 3697
processing job 3698
processing job 3699
processing job 3700
processing job 3701
processing job 3702
processing job 3703
processing job 3704
processing job 3705
processing job 3706
processing job 3707
processing job 3708
processing job 3709
processing job 3710
processing job 3711
processing job 3712
processing job 3713
processing job 3714
processing job 3715
processing job 3716
processing job 3717
processing job 3718
processing job 3719
processing job 3720
processing job 3721
processing job 3722
processing job 3723
processing job 3724
processing job 3725
processing job 3726
processing job 3727
processing job 3728
processing job 3729
processing job 3730
processing job 3731
processing job 3732
processing job 3733
processing job 3734
processing job 3735
processing job 3736
processing job 3737
processing job 3738
processing job 3739
processing job 3740
processing job 3741
processing job 3742
processing job 3743
processing job 3744
processi/home/dorle/software/local/lib/python2.7/site-packages/sklearn/cross_validation.py:44: DeprecationWarning: This module was deprecated in version 0.18 in favor of the model_selection module into which all the refactored classes and functions are moved. Also note that the interface of the new CV iterators are different from that of this module. This module will be removed in 0.20.
  "This module will be removed in 0.20.", DeprecationWarning)
processing job 3911
processing job 3912
processing job 3913
processing job 3914
processing job 3915
processing job 3916
processing job 3917
processing job 3918
processing job 3919
processing job 3920
processing job 3921
processing job 3922
processing job 3923
processing job 3924
processing job 3925
processing job 3926
processing job 3927
processing job 3928
processing job 3929
processing job 3930
processing job 3931
processing job 3932
processing job 3933
processing job 3934
processing job 3935
processing job 3936
processing job 3937
processing job 3938
processing job 3939
processing job 3940
processing job 3941
processing job 3942
processing job 3943
processing job 3944
processing job 3945
processing job 3946
processing job 3947
processing job 3948
processing job 3949
processing job 3950
processing job 3951
processing job 3952
processing job 3953
processing job 3954
processing job 3955
processing job 3956
processing job 3957
processing job 3958
processing job 3959
processing job 3960
processing job 3961
processing job 3962
processing job 3963
processing job 3964
processing job 3965
processing job 3966
processing job 3967
processing job 3968
processing job 3969
processing job 3970
processing job 3971
processing job 3972
processing job 3973
processing job 3974
processing job 3975
processing job 3976
processing job 3977
processing job 3978
processing job 3979
processing job 3980
processing job 3981
processing job 3982
processing job 3983
processing job 3984
processing job 3985
processing job 3986
processing job 3987
processing job 3988
processing job 3989
processing job 3990
processing job 3991
processing job 3992
processing job 3993
processing job 3994
processing job 3995
processing job 3996
processing job 3997
processing job 3998
processing job 3999
processing job 4000
processing job 4001
processing job 4002
processing job 4003
processing job 4004
processing job 4005
processing job 4006
processing job 4007
processing job 4008
processing job 4009
processing job 4010
processing job 4011
processing job 4012
processing job 4013
processing job 4014
processing job 4015
processing job 4016
processing job 4017
processing job 4018
processing job 4019
processing job 4020
processing job 4021
processing job 4022
processing job 4023
processing job 4024
processing job 4025
processing job 4026
processing job 4027
processing job 4028
processing job 4029
processing job 4030
processing job 4031
processing job 4032
processing job 4033
processing job 4034
processing job 4035
processing job 4036
processing job 4037
processing job 4038
processing job 4039
processing job 4040
processing job 4041
processing job 4042
processing job 4043
processing job 4044
processing job 4045
processing job 4046
processing job 4047
processing job 4048
processing job 4049
processing job 4050
processing job 4051
processing job 4052
processing job 4053
processing job 4054
processing job 4055
processing job 4056
processing job 4057
processing job 4058
processing job 4059
processing job 4060
processing job 4061
processing job 4062
processing job 4063
processing job 4064
processing job 4065
processing job 4066
processing job 4067
processing job 4068
processing job 4069
processing job 4070
processing job 4071
processing job 4072
processing job 4073
processing job 4074
processing job 4075
processing job 4076
processing job 4077
processing job 4078
processing job 4079
processing job 4080
processing job 4081
processing job 4082
processing job 4083
processing job 4084
processing job 4085
processing job 4086
processing job 4087
processing job 4088
processing job 4089
processing job 4090
processing job 4091
processing job 4092
processing job 4093
processing job 4094
processing job 4095
processing job 4096
processing job 4097
processing job 4098
processing job 4099
processing job 4100
processing job 4101
processing job 4102
processing job 4103
processing job 4104
processing job 4105
processing job 4106
processing job 4107
processing job 4108
processing job 4109
processing job 4110
processing job 4111
processing job 4112
processing job 4113
processing job 4114
processing job 4/home/dorle/software/local/lib/python2.7/site-packages/sklearn/cross_validation.py:44: DeprecationWarning: This module was deprecated in version 0.18 in favor of the model_selection module into which all the refactored classes and functions are moved. Also note that the interface of the new CV iterators are different from that of this module. This module will be removed in 0.20.
  "This module will be removed in 0.20.", DeprecationWarning)
impressum: killing module
impressum: killing module
impressum: killing module
impressum: killing module
impressum: killing module
impressum: killing module
impressum: killing module
impressum: killing module
impressum: killing module
impressum: killing module
impressum: killing module
impressum: killing module
impressum: killing module
impressum: killing module
impressum: killing module
impressum: killing module
impressum: killing module
impressum: killing module
impressum: killing module
impressum: killing module
impressum: killing module
impressum: killing module
impressum: killing module
impressum: killing module
impressum: killing module
impressum: killing module
impressum: killing module
impressum: killing module
impressum: killing module
impressum: killing module
impressum: killing module
impressum: killing module
impressum: killing module
impressum: killing module
impressum: killing module
impressum: killing module
impressum: killing module
impressum: killing module
impressum: killing module
impressum: killing module
impressum: killing module
impressum: killing module
impressum: killing module
impressum: killing module
impressum: killing module
impressum: killing module
impressum: killing module
impressum: killing module
impressum: killing module
impressum: killing module
impressum: killing module
impressum: killing module
impressum: killing module
impressum: killing module
impressum: killing module
impressum: killing module
impressum: killing module
impressum: killing module
impressum: killing module
impressum: killing module
impressum: killing module
impressum: killing module
impressum: killing module
impressum: killing module
impressum: killing module
impressum: killing module
impressum: killing module
impressum: killing module
impressum: killing module
impressum: killing module
impressum: killing module
impressum: killing module
impressum: killing module
impressum: killing module
impressum: killing module
impressum: killing module
impressum: killing module
impressum: killing module
impressum: killing module
impressum: killing module
impressum: killing module
impressum: killing module
impressum: killing module
impressum: killing module
impressum: killing module
impressum: killing module
impressum: killing module
impressum: killing module
impressum: killing module
impressum: killing module
impressum: killing module
/home/dorle/software/local/lib/python2.7/site-packages/sklearn/cross_validation.py:44: DeprecationWarning: This module was deprecated in version 0.18 in favor of the model_selection module into which all the refactored classes and functions are moved. Also note that the interface of the new CV iterators are different from that of this module. This module will be removed in 0.20.
  "This module will be removed in 0.20.", DeprecationWarning)
Traceback (most recent call last):
  File "backend.py", line 3, in <module>
    import worker
  File "/home/dorle/software/backend/worker.py", line 5, in <module>
    import classifier
  File "/home/dorle/software/backend/classifier.py", line 1, in <module>
    from sklearn.datasets import load_files
ImportError: No module named sklearn.datasets
